<?xml version="1.0" encoding="UTF-8"?>
<testng-results ignored="0" total="1" passed="1" failed="0" skipped="0">
  <reporter-output>
  </reporter-output>
  <suite started-at="2024-06-29T10:39:08 IST" name="Default suite" finished-at="2024-06-29T10:40:33 IST" duration-ms="85272">
    <groups>
    </groups>
    <test started-at="2024-06-29T10:39:08 IST" name="Default test" finished-at="2024-06-29T10:40:33 IST" duration-ms="85272">
      <class name="com.integration.AmazonIntegration">
        <test-method signature="AmazonTest()[pri:0, instance:com.integration.AmazonIntegration@4f80542f]" started-at="2024-06-29T10:39:08 IST" name="AmazonTest" finished-at="2024-06-29T10:40:33 IST" duration-ms="85201" status="PASS">
          <reporter-output>
          </reporter-output>
        </test-method> <!-- AmazonTest -->
      </class> <!-- com.integration.AmazonIntegration -->
    </test> <!-- Default test -->
  </suite> <!-- Default suite -->
</testng-results>
